npm verb cli C:\Program Files\nodejs\node.exe C:\Program Files\nodejs\node_modules\npm\bin\npm-cli.js
npm info using npm@10.5.0
npm info using node@v20.12.0
npm verb title npm install
npm verb argv "install" "--legacy-peer-deps" "--loglevel" "verbose"
npm verb logfile logs-max:10 dir:C:\Users\nando\AppData\Local\npm-cache\_logs\2024-08-09T00_29_13_593Z-
npm verb logfile C:\Users\nando\AppData\Local\npm-cache\_logs\2024-08-09T00_29_13_593Z-debug-0.log
npm http fetch GET 200 https://registry.npmjs.org/@faker-js%2ffaker 225ms (cache revalidated)
npm http fetch GET 200 https://registry.npmjs.org/chai 68ms (cache updated)
npm http fetch GET 200 https://registry.npmjs.org/cypress-mochawesome-reporter 73ms (cache revalidated)
npm http fetch GET 200 https://registry.npmjs.org/browserstack-cypress-cli 631ms (cache updated)
npm http fetch GET 200 https://registry.npmjs.org/cypress 64ms (cache revalidated)
npm http fetch GET 200 https://registry.npmjs.org/glob 95ms (cache revalidated)
npm http fetch GET 200 https://registry.npmjs.org/async 146ms (cache revalidated)
npm http fetch GET 200 https://registry.npmjs.org/mkdirp 148ms (cache revalidated)
npm http fetch GET 200 https://registry.npmjs.org/table 156ms (cache revalidated)
npm http fetch GET 200 https://registry.npmjs.org/mocha 170ms (cache revalidated)
npm http fetch GET 200 https://registry.npmjs.org/archiver 103ms (cache revalidated)
npm http fetch GET 200 https://registry.npmjs.org/request 204ms (cache revalidated)
npm http fetch GET 200 https://registry.npmjs.org/chalk 210ms (cache revalidated)
npm http fetch GET 200 https://registry.npmjs.org/uuid 214ms (cache revalidated)
npm http fetch GET 200 https://registry.npmjs.org/fs-extra 70ms (cache revalidated)
npm http fetch GET 200 https://registry.npmjs.org/node-ipc 72ms (cache revalidated)
npm http fetch GET 200 https://registry.npmjs.org/winston 230ms (cache updated)
npm http fetch GET 200 https://registry.npmjs.org/decompress 103ms (cache revalidated)
npm http fetch GET 200 https://registry.npmjs.org/cli-progress 83ms (cache revalidated)
npm http fetch GET 200 https://registry.npmjs.org/windows-release 60ms (cache revalidated)
npm http fetch GET 200 https://registry.npmjs.org/git-repo-info 77ms (cache revalidated)
npm http fetch GET 200 https://registry.npmjs.org/browserstack-local 61ms (cache revalidated)
npm http fetch GET 200 https://registry.npmjs.org/gitconfiglocal 98ms (cache revalidated)
npm http fetch GET 200 https://registry.npmjs.org/update-notifier 91ms (cache updated)
npm http fetch GET 200 https://registry.npmjs.org/loupe 85ms (cache revalidated)
npm http fetch GET 200 https://registry.npmjs.org/pathval 71ms (cache revalidated)
npm http fetch GET 200 https://registry.npmjs.org/check-error 82ms (cache revalidated)
npm http fetch GET 200 https://registry.npmjs.org/tmp 60ms (cache revalidated)
npm http fetch GET 200 https://registry.npmjs.org/assertion-error 75ms (cache revalidated)
npm http fetch GET 200 https://registry.npmjs.org/deep-eql 108ms (cache revalidated)
npm http fetch GET 200 https://registry.npmjs.org/debug 66ms (cache revalidated)
npm http fetch GET 200 https://registry.npmjs.org/is-ci 48ms (cache revalidated)
npm http fetch GET 200 https://registry.npmjs.org/getos 82ms (cache revalidated)
npm http fetch GET 200 https://registry.npmjs.org/execa 86ms (cache revalidated)
npm http fetch GET 200 https://registry.npmjs.org/yauzl 67ms (cache revalidated)
npm http fetch GET 200 https://registry.npmjs.org/dayjs 119ms (cache revalidated)
npm http fetch GET 200 https://registry.npmjs.org/ospath 49ms (cache revalidated)
npm http fetch GET 200 https://registry.npmjs.org/buffer 98ms (cache revalidated)
npm http fetch GET 200 https://registry.npmjs.org/semver 65ms (cache revalidated)
npm http fetch GET 200 https://registry.npmjs.org/lodash 78ms (cache updated)
npm http fetch GET 200 https://registry.npmjs.org/listr2 115ms (cache updated)
npm http fetch GET 200 https://registry.npmjs.org/figures 72ms (cache revalidated)
npm http fetch GET 200 https://registry.npmjs.org/process 43ms (cache revalidated)
npm http fetch GET 200 https://registry.npmjs.org/cachedir 75ms (cache revalidated)
npm http fetch GET 200 https://registry.npmjs.org/minimist 64ms (cache revalidated)
npm http fetch GET 200 https://registry.npmjs.org/enquirer 76ms (cache revalidated)
npm http fetch GET 200 https://registry.npmjs.org/lazy-ass 73ms (cache revalidated)
npm http fetch GET 200 https://registry.npmjs.org/bluebird 109ms (cache revalidated)
npm http fetch GET 200 https://registry.npmjs.org/untildify 67ms (cache revalidated)
npm http fetch GET 200 https://registry.npmjs.org/commander 74ms (cache revalidated)
npm http fetch GET 200 https://registry.npmjs.org/cli-table3 77ms (cache revalidated)
npm http fetch GET 200 https://registry.npmjs.org/cli-cursor 86ms (cache revalidated)
npm http fetch GET 200 https://registry.npmjs.org/executable 66ms (cache revalidated)
npm http fetch GET 200 https://registry.npmjs.org/yargs 717ms (cache revalidated)
npm http fetch GET 200 https://registry.npmjs.org/extract-zip 59ms (cache revalidated)
npm http fetch GET 200 https://registry.npmjs.org/common-tags 73ms (cache revalidated)
npm http fetch GET 200 https://registry.npmjs.org/getmac 759ms (cache revalidated)
npm http fetch GET 200 https://registry.npmjs.org/log-symbols 73ms (cache revalidated)
npm http fetch GET 200 https://registry.npmjs.org/pretty-bytes 97ms (cache revalidated)
npm http fetch GET 200 https://registry.npmjs.org/eventemitter2 60ms (cache revalidated)
npm http fetch GET 200 https://registry.npmjs.org/@types%2fsizzle 91ms (cache revalidated)
npm http fetch GET 200 https://registry.npmjs.org/proxy-from-env 61ms (cache revalidated)
npm http fetch GET 200 https://registry.npmjs.org/supports-color 51ms (cache revalidated)
npm http fetch GET 200 https://registry.npmjs.org/git-last-commit 635ms (cache revalidated)
npm http fetch GET 200 https://registry.npmjs.org/check-more-types 57ms (cache revalidated)
npm http fetch GET 200 https://registry.npmjs.org/requestretry 663ms (cache revalidated)
npm http fetch GET 200 https://registry.npmjs.org/@types%2fsinonjs__fake-timers 100ms (cache revalidated)
npm http fetch GET 200 https://registry.npmjs.org/request-progress 106ms (cache revalidated)
npm http fetch GET 200 https://registry.npmjs.org/is-installed-globally 103ms (cache revalidated)
npm http fetch GET 200 https://registry.npmjs.org/mochawesome 96ms (cache revalidated)
npm http fetch GET 200 https://registry.npmjs.org/arch 687ms (cache revalidated)
npm http fetch GET 200 https://registry.npmjs.org/blob-util 623ms (cache revalidated)
npm http fetch GET 200 https://registry.npmjs.org/mochawesome-merge 666ms (cache revalidated)
npm http fetch GET 200 https://registry.npmjs.org/mochawesome-report-generator 663ms (cache revalidated)
npm http fetch GET 200 https://registry.npmjs.org/@cypress%2frequest 1332ms (cache revalidated)
npm http fetch GET 200 https://registry.npmjs.org/@cypress%2fxvfb 1469ms (cache revalidated)
npm http fetch GET 200 https://registry.npmjs.org/https-proxy-agent 62ms (cache revalidated)
npm http fetch GET 200 https://registry.npmjs.org/readable-stream 68ms (cache revalidated)
npm http fetch GET 200 https://registry.npmjs.org/zip-stream 68ms (cache revalidated)
npm http fetch GET 200 https://registry.npmjs.org/archiver-utils 82ms (cache revalidated)
npm http fetch GET 200 https://registry.npmjs.org/buffer-crc32 134ms (cache revalidated)
npm http fetch GET 200 https://registry.npmjs.org/string-width 236ms (cache revalidated)
npm http fetch GET 200 https://registry.npmjs.org/readdir-glob 306ms (cache revalidated)
npm http fetch GET 200 https://registry.npmjs.org/is-running 306ms (cache revalidated)
npm http fetch GET 200 https://registry.npmjs.org/ansi-styles 244ms (cache revalidated)
npm http fetch GET 200 https://registry.npmjs.org/decompress-tar 241ms (cache revalidated)
npm http fetch GET 200 https://registry.npmjs.org/tar-stream 316ms (cache revalidated)
npm http fetch GET 200 https://registry.npmjs.org/agent-base 320ms (cache revalidated)
npm http fetch GET 200 https://registry.npmjs.org/decompress-tarbz2 245ms (cache revalidated)
npm http fetch GET 200 https://registry.npmjs.org/decompress-targz 199ms (cache revalidated)
npm http fetch GET 200 https://registry.npmjs.org/pify 55ms (cache revalidated)
npm http fetch GET 200 https://registry.npmjs.org/decompress-unzip 61ms (cache revalidated)
npm http fetch GET 200 https://registry.npmjs.org/graceful-fs 63ms (cache revalidated)
npm http fetch GET 200 https://registry.npmjs.org/graceful-fs 60ms (cache revalidated)
npm http fetch GET 200 https://registry.npmjs.org/strip-dirs 71ms (cache revalidated)
npm http fetch GET 200 https://registry.npmjs.org/make-dir 83ms (cache revalidated)
npm http fetch GET 200 https://registry.npmjs.org/jsonfile 72ms (cache revalidated)
npm http fetch GET 200 https://registry.npmjs.org/universalify 89ms (cache revalidated)
npm http fetch GET 200 https://registry.npmjs.org/inherits 42ms (cache revalidated)
npm http fetch GET 200 https://registry.npmjs.org/once 56ms (cache revalidated)
npm http fetch GET 200 https://registry.npmjs.org/inflight 60ms (cache revalidated)
npm http fetch GET 200 https://registry.npmjs.org/path-is-absolute 45ms (cache revalidated)
npm http fetch GET 200 https://registry.npmjs.org/ini 79ms (cache updated)
npm http fetch GET 200 https://registry.npmjs.org/minimatch 76ms (cache revalidated)
npm http fetch GET 200 https://registry.npmjs.org/browser-stdout 50ms (cache revalidated)
npm http fetch GET 200 https://registry.npmjs.org/chokidar 53ms (cache revalidated)
npm http fetch GET 200 https://registry.npmjs.org/ansi-colors 66ms (cache revalidated)
npm http fetch GET 200 https://registry.npmjs.org/escape-string-regexp 70ms (cache revalidated)
npm http fetch GET 200 https://registry.npmjs.org/diff 84ms (cache revalidated)
npm http fetch GET 200 https://registry.npmjs.org/find-up 80ms (cache revalidated)
npm http fetch GET 200 https://registry.npmjs.org/fs.realpath 141ms (cache revalidated)
npm http fetch GET 200 https://registry.npmjs.org/serialize-javascript 64ms (cache revalidated)
npm http fetch GET 200 https://registry.npmjs.org/js-yaml 77ms (cache revalidated)
npm http fetch GET 200 https://registry.npmjs.org/ms 90ms (cache revalidated)
npm http fetch GET 200 https://registry.npmjs.org/strip-json-comments 73ms (cache revalidated)
npm http fetch GET 200 https://registry.npmjs.org/workerpool 74ms (cache revalidated)
npm http fetch GET 200 https://registry.npmjs.org/yargs-unparser 61ms (cache revalidated)
npm http fetch GET 200 https://registry.npmjs.org/@types%2fnode 277ms (cache updated)
npm http fetch GET 200 https://registry.npmjs.org/aws-sign2 81ms (cache revalidated)
npm http fetch GET 200 https://registry.npmjs.org/js-queue 99ms (cache revalidated)
npm http fetch GET 200 https://registry.npmjs.org/caseless 77ms (cache revalidated)
npm http fetch GET 200 https://registry.npmjs.org/js-message 122ms (cache revalidated)
npm http fetch GET 200 https://registry.npmjs.org/yargs-parser 145ms (cache revalidated)
npm http fetch GET 200 https://registry.npmjs.org/aws4 88ms (cache updated)
npm http fetch GET 200 https://registry.npmjs.org/form-data 54ms (cache revalidated)
npm http fetch GET 200 https://registry.npmjs.org/har-validator 58ms (cache revalidated)
npm http fetch GET 200 https://registry.npmjs.org/http-signature 64ms (cache revalidated)
npm http fetch GET 200 https://registry.npmjs.org/is-typedarray 60ms (cache revalidated)
npm http fetch GET 200 https://registry.npmjs.org/forever-agent 75ms (cache revalidated)
npm http fetch GET 200 https://registry.npmjs.org/combined-stream 85ms (cache revalidated)
npm http fetch GET 200 https://registry.npmjs.org/extend 83ms (cache revalidated)
npm http fetch GET 200 https://registry.npmjs.org/isstream 46ms (cache revalidated)
npm http fetch GET 200 https://registry.npmjs.org/oauth-sign 60ms (cache revalidated)
npm http fetch GET 200 https://registry.npmjs.org/qs 64ms (cache updated)
npm http fetch GET 200 https://registry.npmjs.org/mime-types 76ms (cache revalidated)
npm http fetch GET 200 https://registry.npmjs.org/performance-now 74ms (cache revalidated)
npm http fetch GET 200 https://registry.npmjs.org/safe-buffer 77ms (cache revalidated)
npm http fetch GET 200 https://registry.npmjs.org/tough-cookie 58ms (cache revalidated)
npm http fetch GET 200 https://registry.npmjs.org/slice-ansi 50ms (cache revalidated)
npm http fetch GET 200 https://registry.npmjs.org/ajv 61ms (cache revalidated)
npm http fetch GET 200 https://registry.npmjs.org/temp-fs 885ms (cache revalidated)
npm http fetch GET 200 https://registry.npmjs.org/is-npm 54ms (cache revalidated)
npm http fetch GET 200 https://registry.npmjs.org/tunnel-agent 88ms (cache revalidated)
npm http fetch GET 200 https://registry.npmjs.org/boxen 65ms (cache updated)
npm http fetch GET 200 https://registry.npmjs.org/pupa 76ms (cache revalidated)
npm http fetch GET 200 https://registry.npmjs.org/ps-tree 929ms (cache revalidated)
npm http fetch GET 200 https://registry.npmjs.org/semver-diff 49ms (cache revalidated)
npm http fetch GET 200 https://registry.npmjs.org/import-lazy 55ms (cache revalidated)
npm http fetch GET 200 https://registry.npmjs.org/configstore 74ms (cache revalidated)
npm http fetch GET 200 https://registry.npmjs.org/xdg-basedir 71ms (cache revalidated)
npm http fetch GET 200 https://registry.npmjs.org/latest-version 67ms (cache revalidated)
npm http fetch GET 200 https://registry.npmjs.org/colors 59ms (cache revalidated)
npm http fetch GET 200 https://registry.npmjs.org/stack-trace 62ms (cache revalidated)
npm http fetch GET 200 https://registry.npmjs.org/y18n 52ms (cache revalidated)
npm http fetch GET 200 https://registry.npmjs.org/decamelize 54ms (cache revalidated)
npm http fetch GET 200 https://registry.npmjs.org/cliui 63ms (cache revalidated)
npm http fetch GET 200 https://registry.npmjs.org/set-blocking 57ms (cache revalidated)
npm http fetch GET 200 https://registry.npmjs.org/require-directory 69ms (cache revalidated)
npm http fetch GET 200 https://registry.npmjs.org/require-main-filename 65ms (cache revalidated)
npm http fetch GET 200 https://registry.npmjs.org/get-caller-file 85ms (cache revalidated)
npm http fetch GET 200 https://registry.npmjs.org/event-pubsub 683ms (cache revalidated)
npm http fetch GET 200 https://registry.npmjs.org/he 781ms (cache revalidated)
npm http fetch GET 200 https://registry.npmjs.org/json-stringify-safe 654ms (cache revalidated)
npm http fetch GET 200 https://registry.npmjs.org/is-in-ci 667ms (cache updated)
npm http fetch GET 200 https://registry.npmjs.org/eyes 676ms (cache revalidated)
npm http fetch GET 200 https://registry.npmjs.org/cycle 723ms (cache revalidated)
npm http fetch GET 200 https://registry.npmjs.org/which-module 658ms (cache revalidated)
npm http fetch GET 200 https://registry.npmjs.org/lodash.difference 80ms (cache revalidated)
npm http fetch GET 200 https://registry.npmjs.org/end-of-stream 81ms (cache revalidated)
npm http fetch GET 200 https://registry.npmjs.org/normalize-path 87ms (cache revalidated)
npm http fetch GET 200 https://registry.npmjs.org/lodash.defaults 89ms (cache revalidated)
npm http fetch GET 200 https://registry.npmjs.org/util-deprecate 86ms (cache revalidated)
npm http fetch GET 200 https://registry.npmjs.org/lodash.flatten 89ms (cache revalidated)
npm http fetch GET 200 https://registry.npmjs.org/bl 86ms (cache revalidated)
npm http fetch GET 200 https://registry.npmjs.org/string_decoder 90ms (cache revalidated)
npm http fetch GET 200 https://registry.npmjs.org/lodash.union 93ms (cache revalidated)
npm http fetch GET 200 https://registry.npmjs.org/lazystream 96ms (cache revalidated)
npm http fetch GET 200 https://registry.npmjs.org/lodash.isplainobject 95ms (cache revalidated)
npm http fetch GET 200 https://registry.npmjs.org/fs-constants 67ms (cache revalidated)
npm http fetch GET 200 https://registry.npmjs.org/compress-commons 66ms (cache revalidated)
npm http fetch GET 200 https://registry.npmjs.org/core-util-is 55ms (cache revalidated)
npm http fetch GET 200 https://registry.npmjs.org/process-nextick-args 57ms (cache revalidated)
npm http fetch GET 200 https://registry.npmjs.org/isarray 61ms (cache revalidated)
npm http fetch GET 200 https://registry.npmjs.org/rimraf 60ms (cache revalidated)
npm http fetch GET 200 https://registry.npmjs.org/event-stream 67ms (cache revalidated)
npm http fetch GET 200 https://registry.npmjs.org/get-func-name 67ms (cache revalidated)
npm http fetch GET 200 https://registry.npmjs.org/color-convert 69ms (cache revalidated)
npm http fetch GET 200 https://registry.npmjs.org/has-flag 77ms (cache revalidated)
npm http fetch GET 200 https://registry.npmjs.org/color-name 98ms (cache revalidated)
npm http fetch GET 200 https://registry.npmjs.org/strip-ansi 52ms (cache revalidated)
npm http fetch GET 200 https://registry.npmjs.org/emoji-regex 53ms (cache revalidated)
npm http fetch GET 200 https://registry.npmjs.org/is-fullwidth-code-point 79ms (cache revalidated)
npm http fetch GET 200 https://registry.npmjs.org/signal-exit 56ms (cache revalidated)
npm http fetch GET 200 https://registry.npmjs.org/cross-spawn 59ms (cache revalidated)
npm http fetch GET 200 https://registry.npmjs.org/ieee754 67ms (cache revalidated)
npm http fetch GET 200 https://registry.npmjs.org/merge-stream 62ms (cache revalidated)
npm http fetch GET 200 https://registry.npmjs.org/base64-js 71ms (cache revalidated)
npm http fetch GET 200 https://registry.npmjs.org/is-stream 105ms (cache revalidated)
npm http fetch GET 200 https://registry.npmjs.org/get-stream 107ms (cache revalidated)
npm http fetch GET 200 https://registry.npmjs.org/restore-cursor 112ms (cache revalidated)
npm http fetch GET 200 https://registry.npmjs.org/lodash.once 114ms (cache revalidated)
npm http fetch GET 200 https://registry.npmjs.org/onetime 113ms (cache revalidated)
npm http fetch GET 200 https://registry.npmjs.org/@colors%2fcolors 116ms (cache revalidated)
npm http fetch GET 200 https://registry.npmjs.org/get-stream 71ms (cache revalidated)
npm http fetch GET 200 https://registry.npmjs.org/npm-run-path 81ms (cache revalidated)
npm http fetch GET 200 https://registry.npmjs.org/human-signals 81ms (cache updated)
npm http fetch GET 200 https://registry.npmjs.org/strip-final-newline 80ms (cache revalidated)
npm http fetch GET 200 https://registry.npmjs.org/ci-info 52ms (cache revalidated)
npm http fetch GET 200 https://registry.npmjs.org/@types%2fyauzl 97ms (cache revalidated)
npm http fetch GET 200 https://registry.npmjs.org/at-least-node 63ms (cache revalidated)
npm http fetch GET 200 https://registry.npmjs.org/rxjs 57ms (cache revalidated)
npm http fetch GET 200 https://registry.npmjs.org/rfdc 69ms (cache revalidated)
npm http fetch GET 200 https://registry.npmjs.org/colorette 56ms (cache revalidated)
npm http fetch GET 200 https://registry.npmjs.org/global-dirs 91ms (cache revalidated)
npm http fetch GET 200 https://registry.npmjs.org/through 61ms (cache revalidated)
npm http fetch GET 200 https://registry.npmjs.org/wrap-ansi 67ms (cache revalidated)
npm http fetch GET 200 https://registry.npmjs.org/is-path-inside 106ms (cache revalidated)
npm http fetch GET 200 https://registry.npmjs.org/log-update 55ms (cache updated)
npm http fetch GET 200 https://registry.npmjs.org/is-unicode-supported 59ms (cache revalidated)
npm http fetch GET 200 https://registry.npmjs.org/fd-slicer 56ms (cache revalidated)
npm http fetch GET 200 https://registry.npmjs.org/throttleit 69ms (cache revalidated)
npm http fetch GET 200 https://registry.npmjs.org/cli-truncate 109ms (cache revalidated)
npm http fetch GET 200 https://registry.npmjs.org/p-map 703ms (cache revalidated)
npm http fetch GET 200 https://registry.npmjs.org/delayed-stream 68ms (cache revalidated)
npm http fetch GET 200 https://registry.npmjs.org/jsprim 71ms (cache revalidated)
npm http fetch GET 200 https://registry.npmjs.org/side-channel 71ms (cache revalidated)
npm http fetch GET 200 https://registry.npmjs.org/asynckit 73ms (cache revalidated)
npm http fetch GET 200 https://registry.npmjs.org/punycode 72ms (cache revalidated)
npm http fetch GET 200 https://registry.npmjs.org/url-parse 72ms (cache revalidated)
npm http fetch GET 200 https://registry.npmjs.org/assert-plus 78ms (cache revalidated)
npm http fetch GET 200 https://registry.npmjs.org/psl 81ms (cache revalidated)
npm http fetch GET 200 https://registry.npmjs.org/sshpk 86ms (cache revalidated)
npm http fetch GET 200 https://registry.npmjs.org/mime-db 101ms (cache revalidated)
npm http fetch GET 200 https://registry.npmjs.org/lodash.isstring 53ms (cache revalidated)
npm http fetch GET 200 https://registry.npmjs.org/opener 54ms (cache revalidated)
npm http fetch GET 200 https://registry.npmjs.org/dateformat 57ms (cache revalidated)
npm http fetch GET 200 https://registry.npmjs.org/lodash.isobject 62ms (cache revalidated)
npm http fetch GET 200 https://registry.npmjs.org/prop-types 63ms (cache revalidated)
npm http fetch GET 200 https://registry.npmjs.org/escape-html 69ms (cache revalidated)
npm http fetch GET 200 https://registry.npmjs.org/lodash.isfunction 74ms (cache revalidated)
npm http fetch GET 200 https://registry.npmjs.org/lodash.isempty 77ms (cache revalidated)
npm http fetch GET 200 https://registry.npmjs.org/validator 68ms (cache revalidated)
npm http fetch GET 200 https://registry.npmjs.org/tcomb-validation 638ms (cache revalidated)
npm http fetch GET 200 https://registry.npmjs.org/tcomb 688ms (cache revalidated)
npm http fetch GET 200 https://registry.npmjs.org/fsu 691ms (cache revalidated)
npm http fetch GET 200 https://registry.npmjs.org/is-natural-number 70ms (cache revalidated)
npm http fetch GET 200 https://registry.npmjs.org/unbzip2-stream 76ms (cache revalidated)
npm http fetch GET 200 https://registry.npmjs.org/file-type 81ms (cache updated)
npm http fetch GET 200 https://registry.npmjs.org/file-type 85ms (cache updated)
npm http fetch GET 200 https://registry.npmjs.org/file-type 91ms (cache updated)
npm http fetch GET 200 https://registry.npmjs.org/seek-bzip 681ms (cache revalidated)
npm http fetch GET 200 https://registry.npmjs.org/xtend 320ms (cache revalidated)
npm http fetch GET 200 https://registry.npmjs.org/to-buffer 331ms (cache revalidated)
npm http fetch GET 200 https://registry.npmjs.org/buffer-alloc 853ms (cache revalidated)
npm http fetch GET 200 https://registry.npmjs.org/pinkie-promise 82ms (cache revalidated)
npm http fetch GET 200 https://registry.npmjs.org/object-assign 82ms (cache revalidated)
npm http fetch GET 200 https://registry.npmjs.org/ansi-regex 70ms (cache revalidated)
npm http fetch GET 200 https://registry.npmjs.org/shebang-command 55ms (cache revalidated)
npm http fetch GET 200 https://registry.npmjs.org/mimic-fn 60ms (cache revalidated)
npm http fetch GET 200 https://registry.npmjs.org/path-key 70ms (cache revalidated)
npm http fetch GET 200 https://registry.npmjs.org/path-key 69ms (cache revalidated)
npm http fetch GET 200 https://registry.npmjs.org/which 71ms (cache revalidated)
npm http fetch GET 200 https://registry.npmjs.org/pump 72ms (cache revalidated)
npm http fetch GET 200 https://registry.npmjs.org/shebang-regex 62ms (cache revalidated)
npm http fetch GET 200 https://registry.npmjs.org/isexe 63ms (cache revalidated)
npm http fetch GET 200 https://registry.npmjs.org/undici-types 69ms (cache revalidated)
npm http fetch GET 200 https://registry.npmjs.org/pinkie 73ms (cache revalidated)
npm http fetch GET 200 https://registry.npmjs.org/wrappy 53ms (cache revalidated)
npm http fetch GET 200 https://registry.npmjs.org/brace-expansion 60ms (cache revalidated)
npm http fetch GET 200 https://registry.npmjs.org/extsprintf 70ms (cache revalidated)
npm http fetch GET 200 https://registry.npmjs.org/safer-buffer 64ms (cache revalidated)
npm http fetch GET 200 https://registry.npmjs.org/dashdash 68ms (cache revalidated)
npm http fetch GET 200 https://registry.npmjs.org/verror 72ms (cache revalidated)
npm http fetch GET 200 https://registry.npmjs.org/jsbn 66ms (cache revalidated)
npm http fetch GET 200 https://registry.npmjs.org/json-schema 79ms (cache revalidated)
npm http fetch GET 200 https://registry.npmjs.org/bcrypt-pbkdf 71ms (cache revalidated)
npm http fetch GET 200 https://registry.npmjs.org/ecc-jsbn 72ms (cache revalidated)
npm http fetch GET 200 https://registry.npmjs.org/getpass 79ms (cache revalidated)
npm http fetch GET 200 https://registry.npmjs.org/tweetnacl 75ms (cache revalidated)
npm http fetch GET 200 https://registry.npmjs.org/asn1 114ms (cache revalidated)
npm http fetch GET 200 https://registry.npmjs.org/tslib 62ms (cache revalidated)
npm http fetch GET 200 https://registry.npmjs.org/aggregate-error 64ms (cache revalidated)
npm http fetch GET 200 https://registry.npmjs.org/ansi-escapes 68ms (cache revalidated)
npm http fetch GET 200 https://registry.npmjs.org/astral-regex 46ms (cache revalidated)
npm http fetch GET 200 https://registry.npmjs.org/type-fest 80ms (cache updated)
npm http fetch GET 200 https://registry.npmjs.org/balanced-match 65ms (cache revalidated)
npm http fetch GET 200 https://registry.npmjs.org/concat-map 67ms (cache revalidated)
npm http fetch GET 200 https://registry.npmjs.org/path-exists 71ms (cache revalidated)
npm http fetch GET 200 https://registry.npmjs.org/glob-parent 81ms (cache revalidated)
npm http fetch GET 200 https://registry.npmjs.org/is-binary-path 84ms (cache revalidated)
npm http fetch GET 200 https://registry.npmjs.org/braces 87ms (cache revalidated)
npm http fetch GET 200 https://registry.npmjs.org/is-glob 105ms (cache revalidated)
npm http fetch GET 200 https://registry.npmjs.org/randombytes 98ms (cache revalidated)
npm http fetch GET 200 https://registry.npmjs.org/readdirp 109ms (cache revalidated)
npm http fetch GET 200 https://registry.npmjs.org/anymatch 113ms (cache revalidated)
npm http fetch GET 200 https://registry.npmjs.org/argparse 106ms (cache revalidated)
npm http fetch GET 200 https://registry.npmjs.org/locate-path 111ms (cache revalidated)
npm http fetch GET 200 https://registry.npmjs.org/fsevents 114ms (cache revalidated)
npm http fetch GET 200 https://registry.npmjs.org/escalade 92ms (cache revalidated)
npm http fetch GET 200 https://registry.npmjs.org/flat 88ms (cache revalidated)
npm http fetch GET 200 https://registry.npmjs.org/camelcase 95ms (cache revalidated)
npm http fetch GET 200 https://registry.npmjs.org/is-plain-obj 91ms (cache revalidated)
npm http fetch GET 200 https://registry.npmjs.org/picomatch 53ms (cache revalidated)
npm http fetch GET 200 https://registry.npmjs.org/fill-range 58ms (cache revalidated)
npm http fetch GET 200 https://registry.npmjs.org/picomatch 73ms (cache revalidated)
npm http fetch GET 200 https://registry.npmjs.org/is-extglob 74ms (cache revalidated)
npm http fetch GET 200 https://registry.npmjs.org/binary-extensions 154ms (cache revalidated)
npm http fetch GET 200 https://registry.npmjs.org/to-regex-range 62ms (cache revalidated)
npm http fetch GET 200 https://registry.npmjs.org/is-number 43ms (cache revalidated)
npm http fetch GET 200 https://registry.npmjs.org/p-locate 91ms (cache revalidated)
npm http fetch GET 200 https://registry.npmjs.org/p-limit 83ms (cache revalidated)
npm http fetch GET 200 https://registry.npmjs.org/loose-envify 69ms (cache revalidated)
npm http fetch GET 200 https://registry.npmjs.org/react-is 334ms (cache updated)
npm http fetch GET 200 https://registry.npmjs.org/easy-stack 54ms (cache revalidated)
npm http fetch GET 200 https://registry.npmjs.org/yocto-queue 82ms (cache revalidated)
npm http fetch GET 200 https://registry.npmjs.org/clean-stack 55ms (cache revalidated)
npm http fetch GET 200 https://registry.npmjs.org/indent-string 56ms (cache revalidated)
npm http fetch GET 200 https://registry.npmjs.org/js-tokens 60ms (cache revalidated)
npm http fetch GET 200 https://registry.npmjs.org/duplexer 49ms (cache revalidated)
npm http fetch GET 200 https://registry.npmjs.org/split 59ms (cache revalidated)
npm http fetch GET 200 https://registry.npmjs.org/stream-combiner 62ms (cache revalidated)
npm http fetch GET 200 https://registry.npmjs.org/map-stream 65ms (cache revalidated)
npm http fetch GET 200 https://registry.npmjs.org/from 88ms (cache revalidated)
npm http fetch GET 200 https://registry.npmjs.org/pause-stream 692ms (cache revalidated)
npm http fetch GET 200 https://registry.npmjs.org/object-inspect 46ms (cache revalidated)
npm http fetch GET 200 https://registry.npmjs.org/get-intrinsic 54ms (cache revalidated)
npm http fetch GET 200 https://registry.npmjs.org/es-errors 59ms (cache revalidated)
npm http fetch GET 200 https://registry.npmjs.org/call-bind 64ms (cache revalidated)
npm http fetch GET 200 https://registry.npmjs.org/har-schema 67ms (cache revalidated)
npm http fetch GET 200 https://registry.npmjs.org/fast-json-stable-stringify 51ms (cache revalidated)
npm http fetch GET 200 https://registry.npmjs.org/fast-deep-equal 53ms (cache revalidated)
npm http fetch GET 200 https://registry.npmjs.org/json-schema-traverse 63ms (cache revalidated)
npm http fetch GET 200 https://registry.npmjs.org/uri-js 81ms (cache revalidated)
npm http fetch GET 200 https://registry.npmjs.org/set-function-length 58ms (cache revalidated)
npm http fetch GET 200 https://registry.npmjs.org/function-bind 67ms (cache revalidated)
npm http fetch GET 200 https://registry.npmjs.org/es-define-property 72ms (cache revalidated)
npm http fetch GET 200 https://registry.npmjs.org/has-symbols 72ms (cache revalidated)
npm http fetch GET 200 https://registry.npmjs.org/has-proto 73ms (cache revalidated)
npm http fetch GET 200 https://registry.npmjs.org/hasown 87ms (cache revalidated)
npm http fetch GET 200 https://registry.npmjs.org/define-data-property 51ms (cache revalidated)
npm http fetch GET 200 https://registry.npmjs.org/has-property-descriptors 57ms (cache revalidated)
npm http fetch GET 200 https://registry.npmjs.org/gopd 62ms (cache revalidated)
npm http fetch GET 200 https://registry.npmjs.org/querystringify 49ms (cache revalidated)
npm http fetch GET 200 https://registry.npmjs.org/requires-port 57ms (cache revalidated)
npm http fetch GET 200 https://registry.npmjs.org/escape-goat 67ms (cache revalidated)
npm http fetch GET 200 https://registry.npmjs.org/unique-string 76ms (cache revalidated)
npm http fetch GET 200 https://registry.npmjs.org/package-json 73ms (cache revalidated)
npm http fetch GET 200 https://registry.npmjs.org/cli-boxes 81ms (cache updated)
npm http fetch GET 200 https://registry.npmjs.org/widest-line 80ms (cache revalidated)
npm http fetch GET 200 https://registry.npmjs.org/write-file-atomic 78ms (cache updated)
npm http fetch GET 200 https://registry.npmjs.org/dot-prop 84ms (cache revalidated)
npm http fetch GET 200 https://registry.npmjs.org/ansi-align 87ms (cache revalidated)
npm http fetch GET 200 https://registry.npmjs.org/eastasianwidth 66ms (cache revalidated)
npm http fetch GET 200 https://registry.npmjs.org/is-obj 70ms (cache revalidated)
npm http fetch GET 200 https://registry.npmjs.org/imurmurhash 73ms (cache revalidated)
npm http fetch GET 200 https://registry.npmjs.org/typedarray-to-buffer 78ms (cache revalidated)
npm http fetch GET 200 https://registry.npmjs.org/crypto-random-string 82ms (cache revalidated)
npm http fetch GET 200 https://registry.npmjs.org/got 57ms (cache revalidated)
npm http fetch GET 200 https://registry.npmjs.org/registry-auth-token 63ms (cache revalidated)
npm http fetch GET 200 https://registry.npmjs.org/registry-url 69ms (cache revalidated)
npm http fetch GET 200 https://registry.npmjs.org/cacheable-request 55ms (cache revalidated)
npm http fetch GET 200 https://registry.npmjs.org/form-data-encoder 62ms (cache revalidated)
npm http fetch GET 200 https://registry.npmjs.org/decompress-response 64ms (cache revalidated)
npm http fetch GET 200 https://registry.npmjs.org/p-cancelable 67ms (cache revalidated)
npm http fetch GET 200 https://registry.npmjs.org/lowercase-keys 71ms (cache revalidated)
npm http fetch GET 200 https://registry.npmjs.org/cacheable-lookup 72ms (cache revalidated)
npm http fetch GET 200 https://registry.npmjs.org/http2-wrapper 74ms (cache revalidated)
npm http fetch GET 200 https://registry.npmjs.org/responselike 83ms (cache revalidated)
npm http fetch GET 200 https://registry.npmjs.org/@szmarczak%2fhttp-timer 110ms (cache revalidated)
npm http fetch GET 200 https://registry.npmjs.org/@sindresorhus%2fis 118ms (cache revalidated)
npm http fetch GET 200 https://registry.npmjs.org/rc 68ms (cache revalidated)
npm http fetch GET 200 https://registry.npmjs.org/@pnpm%2fnpm-conf 123ms (cache updated)
npm http fetch GET 200 https://registry.npmjs.org/keyv 62ms (cache revalidated)
npm http fetch GET 200 https://registry.npmjs.org/mimic-response 65ms (cache revalidated)
npm http fetch GET 200 https://registry.npmjs.org/http-cache-semantics 66ms (cache revalidated)
npm http fetch GET 200 https://registry.npmjs.org/mimic-response 67ms (cache revalidated)
npm http fetch GET 200 https://registry.npmjs.org/resolve-alpn 66ms (cache revalidated)
npm http fetch GET 200 https://registry.npmjs.org/normalize-url 69ms (cache revalidated)
npm http fetch GET 200 https://registry.npmjs.org/defer-to-connect 77ms (cache revalidated)
npm http fetch GET 200 https://registry.npmjs.org/quick-lru 73ms (cache revalidated)
npm http fetch GET 200 https://registry.npmjs.org/@types%2fhttp-cache-semantics 490ms (cache revalidated)
npm http fetch GET 200 https://registry.npmjs.org/json-buffer 56ms (cache revalidated)
npm http fetch GET 200 https://registry.npmjs.org/config-chain 89ms (cache revalidated)
npm http fetch GET 200 https://registry.npmjs.org/@pnpm%2fconfig.env-replace 99ms (cache revalidated)
npm http fetch GET 200 https://registry.npmjs.org/@pnpm%2fnetwork.ca-file 109ms (cache revalidated)
npm http fetch GET 200 https://registry.npmjs.org/proto-list 61ms (cache revalidated)
npm http fetch GET 200 https://registry.npmjs.org/deep-extend 58ms (cache revalidated)
npm http fetch GET 200 https://registry.npmjs.org/pend 55ms (cache revalidated)
npm http fetch GET 200 https://registry.npmjs.org/crc32-stream 53ms (cache revalidated)
npm http fetch GET 200 https://registry.npmjs.org/crc-32 46ms (cache revalidated)
npm http fetch GET 200 https://registry.npmjs.org/buffer-alloc-unsafe 92ms (cache revalidated)
npm http fetch GET 200 https://registry.npmjs.org/buffer-fill 104ms (cache revalidated)
npm http fetch GET 200 https://registry.npmjs.org/p-try 48ms (cache revalidated)
npm verb reify failed optional dependency D:\Git\automacao-web-pgats\tmpBstackPackages\node_modules\fsevents
npm http fetch POST 200 https://registry.npmjs.org/-/npm/v1/security/advisories/bulk 983ms
npm http fetch GET 200 https://registry.npmjs.org/@pnpm/npm-conf/-/npm-conf-2.3.0.tgz 1088ms (cache miss)
npm WARN deprecated inflight@1.0.6: This module is not supported, and leaks memory. Do not use it. Check out lru-cache if you want a good and tested way to coalesce async requests by a key value, which is much more comprehensive and powerful.
npm WARN deprecated rimraf@2.5.4: Rimraf versions prior to v4 are no longer supported
npm WARN deprecated har-validator@5.1.5: this library is no longer supported
npm WARN deprecated glob@7.2.3: Glob versions prior to v9 are no longer supported
npm WARN deprecated glob@8.1.0: Glob versions prior to v9 are no longer supported
npm http fetch GET 200 https://registry.npmjs.org/aws4/-/aws4-1.13.1.tgz 1283ms (cache miss)
npm WARN deprecated uuid@3.4.0: Please upgrade  to version 7 or higher.  Older versions may use Math.random() in certain circumstances, which is known to be problematic.  See https://v8.dev/blog/math-random for details.
npm WARN deprecated request@2.88.2: request has been deprecated, see https://github.com/request/request/issues/3142
npm http fetch GET 200 https://registry.npmjs.org/undici-types/-/undici-types-6.13.0.tgz 1617ms (cache miss)
npm http fetch GET 200 https://registry.npmjs.org/@types/node/-/node-22.1.0.tgz 1844ms (cache miss)
npm info run cypress@13.13.2 postinstall node_modules/cypress node index.js --exec install
npm info run cypress@13.13.2 postinstall { code: 0, signal: null }

added 508 packages, and audited 509 packages in 22s

96 packages are looking for funding
  run `npm fund` for details

3 moderate severity vulnerabilities

To address all issues (including breaking changes), run:
  npm audit fix --force

Run `npm audit` for details.
npm verb exit 0
npm info ok 
